<?xml version="1.0" encoding="UTF-8"?>
<!-- Generated by org.testng.reporters.JUnitReportReporter -->
<testsuite skipped="0" hostname="LAPTOP-8PV5OBQH" name="hpack.brokenlinks" tests="1" failures="0" timestamp="2022-01-07T11:05:05 IST" time="412.425" errors="0">
  <testcase name="brokenlinks" time="412.425" classname="hpack.brokenlinks"/>
  <system-out/>
</testsuite> <!-- hpack.brokenlinks -->
