<?xml version="1.0" encoding="UTF-8"?>
<!-- Generated by org.testng.reporters.JUnitReportReporter -->
<testsuite skipped="0" hostname="LAPTOP-8PV5OBQH" name="hpack.lightbox" tests="1" failures="0" timestamp="2022-01-05T09:29:44 IST" time="12.599" errors="0">
  <testcase name="lightbox" time="12.599" classname="hpack.lightbox"/>
  <system-out/>
</testsuite> <!-- hpack.lightbox -->
