<?xml version="1.0" encoding="UTF-8"?>
<!-- Generated by org.testng.reporters.JUnitReportReporter -->
<testsuite hostname="LAPTOP-8PV5OBQH" failures="0" tests="1" name="goibibo.withoutsendkeys" time="4.228" errors="0" timestamp="2022-12-28T11:14:52 IST" skipped="0">
  <testcase classname="goibibo.withoutsendkeys" name="withoutsendkeys" time="4.228"/>
  <system-out/>
</testsuite> <!-- goibibo.withoutsendkeys -->
