<?xml version="1.0" encoding="UTF-8"?>
<!-- Generated by org.testng.reporters.JUnitReportReporter -->
<testsuite skipped="0" hostname="LAPTOP-8PV5OBQH" name="hpack.rightclick" tests="1" failures="0" timestamp="2022-01-05T11:26:27 IST" time="8.335" errors="0">
  <testcase name="rightclick" time="8.335" classname="hpack.rightclick"/>
  <system-out/>
</testsuite> <!-- hpack.rightclick -->
