<?xml version="1.0" encoding="UTF-8"?>
<!-- Generated by org.testng.reporters.JUnitReportReporter -->
<testsuite skipped="0" hostname="LAPTOP-8PV5OBQH" name="hpack.datatable" tests="1" failures="0" timestamp="2022-01-19T09:27:48 IST" time="10.670" errors="0">
  <testcase name="datatable" time="10.670" classname="hpack.datatable"/>
  <system-out/>
</testsuite> <!-- hpack.datatable -->
