<?xml version="1.0" encoding="UTF-8"?>
<!-- Generated by org.testng.reporters.JUnitReportReporter -->
<testsuite hostname="LAPTOP-8PV5OBQH" failures="0" tests="1" name="hpack.chord" time="10.004" errors="0" timestamp="2022-11-29T14:53:34 IST" skipped="0">
  <testcase classname="hpack.chord" name="chord" time="10.004"/>
  <system-out/>
</testsuite> <!-- hpack.chord -->
