<?xml version="1.0" encoding="UTF-8"?>
<!-- Generated by org.testng.reporters.JUnitReportReporter -->
<testsuite hostname="LAPTOP-8PV5OBQH" failures="0" tests="1" name="hpack.notusingsendkeys" time="5.787" errors="0" timestamp="2022-12-20T09:22:21 IST" skipped="0">
  <testcase classname="hpack.notusingsendkeys" name="sentdata" time="5.787"/>
  <system-out/>
</testsuite> <!-- hpack.notusingsendkeys -->
