<?xml version="1.0" encoding="UTF-8"?>
<!-- Generated by org.testng.reporters.JUnitReportReporter -->
<testsuite skipped="0" hostname="LAPTOP-8PV5OBQH" name="hpack.temp" tests="1" failures="0" timestamp="2022-01-03T11:52:27 IST" time="26.937" errors="0">
  <testcase name="temp" time="26.937" classname="hpack.temp"/>
  <system-out/>
</testsuite> <!-- hpack.temp -->
