<?xml version="1.0" encoding="UTF-8"?>
<!-- Generated by org.testng.reporters.JUnitReportReporter -->
<testsuite skipped="0" hostname="LAPTOP-8PV5OBQH" name="hpack.frameinside" tests="1" failures="0" timestamp="2022-01-04T17:14:10 IST" time="8.821" errors="0">
  <testcase name="frameinside" time="8.821" classname="hpack.frameinside"/>
  <system-out/>
</testsuite> <!-- hpack.frameinside -->
