<?xml version="1.0" encoding="UTF-8"?>
<!-- Generated by org.testng.reporters.JUnitReportReporter -->
<testsuite skipped="0" hostname="LAPTOP-8PV5OBQH" name="hpack.frames" tests="1" failures="0" timestamp="2022-01-04T16:20:39 IST" time="9.988" errors="0">
  <testcase name="frame" time="9.988" classname="hpack.frames"/>
  <system-out/>
</testsuite> <!-- hpack.frames -->
