<?xml version="1.0" encoding="UTF-8"?>
<!-- Generated by org.testng.reporters.JUnitReportReporter -->
<testsuite hostname="LAPTOP-8PV5OBQH" failures="0" tests="1" name="hpack.downloadingfile" time="5.944" errors="0" timestamp="2022-12-06T19:50:59 IST" skipped="0">
  <testcase classname="hpack.downloadingfile" name="downloadfile" time="5.944"/>
  <system-out/>
</testsuite> <!-- hpack.downloadingfile -->
