<?xml version="1.0" encoding="UTF-8"?>
<!-- Generated by org.testng.reporters.JUnitReportReporter -->
<testsuite skipped="0" hostname="LAPTOP-8PV5OBQH" name="hpack.enter" tests="1" failures="0" timestamp="2022-01-05T14:59:18 IST" time="4.097" errors="0">
  <testcase name="enter" time="4.097" classname="hpack.enter"/>
  <system-out/>
</testsuite> <!-- hpack.enter -->
