<?xml version="1.0" encoding="UTF-8"?>
<!-- Generated by org.testng.reporters.JUnitReportReporter -->
<testsuite hostname="LAPTOP-8PV5OBQH" failures="0" tests="1" name="goibibo.coditas" time="6.602" errors="0" timestamp="2022-12-28T11:00:14 IST" skipped="0">
  <testcase classname="goibibo.coditas" name="coditas" time="6.602"/>
  <system-out/>
</testsuite> <!-- goibibo.coditas -->
