<?xml version="1.0" encoding="UTF-8"?>
<!-- Generated by org.testng.reporters.JUnitReportReporter -->
<testsuite skipped="0" hostname="LAPTOP-8PV5OBQH" name="hpack.windowhandle" tests="1" failures="0" timestamp="2022-01-04T13:38:52 IST" time="32.180" errors="0">
  <testcase name="windowhandle" time="32.180" classname="hpack.windowhandle"/>
  <system-out/>
</testsuite> <!-- hpack.windowhandle -->
