<?xml version="1.0" encoding="UTF-8"?>
<!-- Generated by org.testng.reporters.JUnitReportReporter -->
<testsuite skipped="0" hostname="LAPTOP-8PV5OBQH" name="hpack.cgi" tests="1" failures="0" timestamp="2022-01-11T17:48:57 IST" time="34.296" errors="0">
  <testcase name="cgi" time="34.296" classname="hpack.cgi"/>
  <system-out/>
</testsuite> <!-- hpack.cgi -->
