<?xml version="1.0" encoding="UTF-8"?>
<!-- Generated by org.testng.reporters.JUnitReportReporter -->
<testsuite hostname="LAPTOP-8PV5OBQH" failures="0" tests="1" name="hpack.database" time="0.590" errors="0" timestamp="2022-10-07T10:24:17 IST" skipped="0">
  <testcase classname="hpack.database" name="database" time="0.590"/>
  <system-out/>
</testsuite> <!-- hpack.database -->
