<?xml version="1.0" encoding="UTF-8"?>
<!-- Generated by org.testng.reporters.JUnitReportReporter -->
<testsuite skipped="0" hostname="LAPTOP-8PV5OBQH" name="hpack.draganddrop" tests="1" failures="0" timestamp="2022-01-05T13:47:49 IST" time="23.762" errors="0">
  <testcase name="draganddrop" time="23.762" classname="hpack.draganddrop"/>
  <system-out/>
</testsuite> <!-- hpack.draganddrop -->
