<?xml version="1.0" encoding="UTF-8"?>
<!-- Generated by org.testng.reporters.JUnitReportReporter -->
<testsuite hostname="LAPTOP-8PV5OBQH" failures="0" tests="1" name="hpack.keyboard" time="5.886" errors="0" timestamp="2022-11-29T14:58:21 IST" skipped="0">
  <testcase classname="hpack.keyboard" name="keyboard" time="5.886"/>
  <system-out/>
</testsuite> <!-- hpack.keyboard -->
