<?xml version="1.0" encoding="UTF-8"?>
<!-- Generated by org.testng.reporters.JUnitReportReporter -->
<testsuite skipped="0" hostname="LAPTOP-8PV5OBQH" name="hpack.tab" tests="1" failures="0" timestamp="2022-01-05T14:16:19 IST" time="9.414" errors="0">
  <testcase name="tab" time="9.414" classname="hpack.tab"/>
  <system-out/>
</testsuite> <!-- hpack.tab -->
