<?xml version="1.0" encoding="UTF-8"?>
<!-- Generated by org.testng.reporters.JUnitReportReporter -->
<testsuite skipped="0" hostname="LAPTOP-8PV5OBQH" name="hpack.praticedbtesting" tests="1" failures="0" timestamp="2022-01-10T15:09:33 IST" time="0.594" errors="0">
  <testcase name="praticedbtesting" time="0.594" classname="hpack.praticedbtesting"/>
  <system-out/>
</testsuite> <!-- hpack.praticedbtesting -->
