<?xml version="1.0" encoding="UTF-8"?>
<!-- Generated by org.testng.reporters.JUnitReportReporter -->
<testsuite skipped="0" hostname="LAPTOP-8PV5OBQH" name="Runner.runner" tests="3" failures="0" timestamp="2022-01-12T15:20:57 IST" time="71.431" errors="0">
  <testcase name="runScenario" time="17.406" classname="Runner.runner"/>
  <system-out/>
  <testcase name="runScenario" time="28.151" classname="Runner.runner"/>
  <system-out/>
  <testcase name="runScenario" time="25.874" classname="Runner.runner"/>
  <system-out/>
</testsuite> <!-- Runner.runner -->
